0 info it worked if it ends with ok
1 verbose cli [ '/usr/bin/node',
1 verbose cli   '/bin/npm',
1 verbose cli   'install',
1 verbose cli   '--save-dev',
1 verbose cli   './routes/img' ]
2 info using npm@3.10.10
3 info using node@v6.17.1
4 silly loadCurrentTree Starting
5 silly install loadCurrentTree
6 silly install readLocalPackageData
7 silly fetchPackageMetaData ./routes/img
8 silly fetchOtherPackageData ./routes/img
9 silly cache add args [ './routes/img', null ]
10 verbose cache add spec ./routes/img
11 silly cache add parsed spec Result {
11 silly cache add   raw: './routes/img',
11 silly cache add   scope: null,
11 silly cache add   escapedName: null,
11 silly cache add   name: null,
11 silly cache add   rawSpec: './routes/img',
11 silly cache add   spec: '/home/wjsqjawns/project0_server/routes/img',
11 silly cache add   type: 'local' }
12 error addLocal Could not install /home/wjsqjawns/project0_server/routes/img
13 silly fetchPackageMetaData Error: ENOENT: no such file or directory, open '/home/wjsqjawns/project0_server/routes/img'
13 silly fetchPackageMetaData     at Error (native)
13 silly fetchPackageMetaData  error for ./routes/img { Error: ENOENT: no such file or directory, open '/home/wjsqjawns/project0_server/routes/img'
13 silly fetchPackageMetaData     at Error (native)
13 silly fetchPackageMetaData   errno: -2,
13 silly fetchPackageMetaData   code: 'ENOENT',
13 silly fetchPackageMetaData   syscall: 'open',
13 silly fetchPackageMetaData   path: '/home/wjsqjawns/project0_server/routes/img' }
14 silly rollbackFailedOptional Starting
15 silly rollbackFailedOptional Finishing
16 silly runTopLevelLifecycles Finishing
17 silly install printInstalled
18 verbose stack Error: ENOENT: no such file or directory, open '/home/wjsqjawns/project0_server/routes/img'
18 verbose stack     at Error (native)
19 verbose cwd /home/wjsqjawns/project0_server
20 error Linux 3.10.0-1160.31.1.el7.x86_64
21 error argv "/usr/bin/node" "/bin/npm" "install" "--save-dev" "./routes/img"
22 error node v6.17.1
23 error npm  v3.10.10
24 error path /home/wjsqjawns/project0_server/routes/img
25 error code ENOENT
26 error errno -2
27 error syscall open
28 error enoent ENOENT: no such file or directory, open '/home/wjsqjawns/project0_server/routes/img'
29 error enoent ENOENT: no such file or directory, open '/home/wjsqjawns/project0_server/routes/img'
29 error enoent This is most likely not a problem with npm itself
29 error enoent and is related to npm not being able to find a file.
30 verbose exit [ -2, true ]
